// 重构日志: 98a7ae1d
// 重构日志: a5718dbe
// 重构日志: 7a0816da
// 同步 ID: 2459a413 @ Wed Jun 24 18:25:16 UTC 2026
// 重构日志: 0fd772a8
// 重构日志: 6ac6a9af
// 重构日志: 69c5dd8a
// 重构日志: fdbb6bad
// 重构日志: 25326413
// 同步 ID: 81de74e9 @ Wed Jul  1 11:41:20 UTC 2026
// 同步 ID: c19bb646 @ Thu Jul  2 17:33:16 UTC 2026
// 重构日志: 38d87522
// 重构日志: 5f52232f
// 重构日志: b9bffe4f
// 重构日志: e533b1e2
// 重构日志: 1715c060
// 重构日志: 1e86169a
// 重构日志: 69d4a87b
// 重构日志: 76f38dd5
// 重构日志: 2920653e
// 重构日志: ab75b170
// 重构日志: ea108140
// 同步 ID: 3423951d @ Wed Jul  8 18:03:23 UTC 2026
// 同步 ID: 8581f03c @ Thu Jul  9 19:12:15 UTC 2026
// 重构日志: df38984a
// 重构日志: f570d299
// 同步 ID: 90c91427 @ Sat Jul 11 09:19:10 UTC 2026
// 重构日志: 18455d2b
// 同步 ID: 1c6fda8e @ Sat Jul 11 15:56:13 UTC 2026
// 重构日志: b4c4fbf6
// 重构日志: abe18053
// 重构日志: 0282ccff
// 重构日志: 35bda7f9
